<?xml version="1.0" encoding="UTF-8"?>
<!-- Generated by org.testng.reporters.JUnitXMLReporter -->
<testsuite ignored="2" hostname="PC-f7ad11" failures="0" tests="2" name="Test1" time="0.056" errors="0" timestamp="2023-09-06T11:46:06 IST">
  <testcase classname="Customer.CreateCustomer" name="cretecustomer" time="0.004"/>
  <testcase classname="Customer.CreateUser" name="createuser" time="0.001"/>
  <testcase classname="Customer.Webbase" name="@AfterTest db_destroy" time="0.0">
    <ignored/>
  </testcase> <!-- @AfterTest db_destroy -->
  <testcase classname="Customer.Webbase" name="@BeforeTest dbconnect" time="0.0">
    <ignored/>
  </testcase> <!-- @BeforeTest dbconnect -->
</testsuite> <!-- Test1 -->
