<?xml version="1.0" encoding="UTF-8"?>
<testng-results ignored="2" total="4" passed="2" failed="0" skipped="0">
  <reporter-output>
  </reporter-output>
  <suite started-at="2023-09-06T11:46:06 IST" name="Suite" finished-at="2023-09-06T11:46:06 IST" duration-ms="56">
    <groups>
    </groups>
    <test started-at="2023-09-06T11:46:06 IST" name="Test1" finished-at="2023-09-06T11:46:06 IST" duration-ms="56">
      <class name="Customer.CreateCustomer">
        <test-method is-config="true" signature="dbconnect()[pri:0, instance:Customer.CreateCustomer@74751b3]" started-at="2023-09-06T11:46:06 IST" name="dbconnect" finished-at="2023-09-06T11:46:06 IST" duration-ms="7" status="PASS">
          <reporter-output>
          </reporter-output>
        </test-method> <!-- dbconnect -->
        <test-method is-config="true" signature="configure_chrome()[pri:0, instance:Customer.CreateCustomer@74751b3]" started-at="2023-09-06T11:46:06 IST" name="configure_chrome" finished-at="2023-09-06T11:46:06 IST" duration-ms="0" status="PASS">
          <reporter-output>
          </reporter-output>
        </test-method> <!-- configure_chrome -->
        <test-method is-config="true" signature="login()[pri:0, instance:Customer.CreateCustomer@74751b3]" started-at="2023-09-06T11:46:06 IST" name="login" finished-at="2023-09-06T11:46:06 IST" duration-ms="0" status="PASS">
          <reporter-output>
          </reporter-output>
        </test-method> <!-- login -->
        <test-method signature="cretecustomer()[pri:0, instance:Customer.CreateCustomer@74751b3]" started-at="2023-09-06T11:46:06 IST" name="cretecustomer" finished-at="2023-09-06T11:46:06 IST" duration-ms="4" status="PASS">
          <reporter-output>
          </reporter-output>
        </test-method> <!-- cretecustomer -->
        <test-method is-config="true" signature="logout()[pri:0, instance:Customer.CreateCustomer@74751b3]" started-at="2023-09-06T11:46:06 IST" name="logout" finished-at="2023-09-06T11:46:06 IST" duration-ms="1" status="PASS">
          <reporter-output>
          </reporter-output>
        </test-method> <!-- logout -->
        <test-method is-config="true" signature="close_chrome()[pri:0, instance:Customer.CreateCustomer@74751b3]" started-at="2023-09-06T11:46:06 IST" name="close_chrome" finished-at="2023-09-06T11:46:06 IST" duration-ms="0" status="PASS">
          <reporter-output>
          </reporter-output>
        </test-method> <!-- close_chrome -->
        <test-method is-config="true" signature="db_destroy()[pri:0, instance:Customer.CreateCustomer@74751b3]" started-at="2023-09-06T11:46:06 IST" name="db_destroy" finished-at="2023-09-06T11:46:06 IST" duration-ms="1" status="PASS">
          <reporter-output>
          </reporter-output>
        </test-method> <!-- db_destroy -->
      </class> <!-- Customer.CreateCustomer -->
      <class name="Customer.CreateUser">
        <test-method is-config="true" signature="configure_chrome()[pri:0, instance:Customer.CreateUser@1b2abca6]" started-at="2023-09-06T11:46:06 IST" name="configure_chrome" finished-at="2023-09-06T11:46:06 IST" duration-ms="1" status="PASS">
          <reporter-output>
          </reporter-output>
        </test-method> <!-- configure_chrome -->
        <test-method is-config="true" signature="login()[pri:0, instance:Customer.CreateUser@1b2abca6]" started-at="2023-09-06T11:46:06 IST" name="login" finished-at="2023-09-06T11:46:06 IST" duration-ms="0" status="PASS">
          <reporter-output>
          </reporter-output>
        </test-method> <!-- login -->
        <test-method signature="createuser()[pri:0, instance:Customer.CreateUser@1b2abca6]" started-at="2023-09-06T11:46:06 IST" name="createuser" finished-at="2023-09-06T11:46:06 IST" duration-ms="1" status="PASS">
          <reporter-output>
          </reporter-output>
        </test-method> <!-- createuser -->
        <test-method is-config="true" signature="close_chrome()[pri:0, instance:Customer.CreateUser@1b2abca6]" started-at="2023-09-06T11:46:06 IST" name="close_chrome" finished-at="2023-09-06T11:46:06 IST" duration-ms="0" status="PASS">
          <reporter-output>
          </reporter-output>
        </test-method> <!-- close_chrome -->
        <test-method is-config="true" signature="logout()[pri:0, instance:Customer.CreateUser@1b2abca6]" started-at="2023-09-06T11:46:06 IST" name="logout" finished-at="2023-09-06T11:46:06 IST" duration-ms="0" status="PASS">
          <reporter-output>
          </reporter-output>
        </test-method> <!-- logout -->
      </class> <!-- Customer.CreateUser -->
    </test> <!-- Test1 -->
  </suite> <!-- Suite -->
</testng-results>
